[10251][1664768182825][main][info]["Booting Postman 9.31.0, linux-5.15.65-1-MANJARO on x64"]
[10251][1664768182833][main][info]["EventBus~initialize - Success"]
[10251][1664768182841][main][info]["Proxy configuration has not been setup"]
[10251][1664768182843][main][info]["CloudProxyManager~init - Success"]
[10251][1664768182859][main][info]["UpdateHandler~init - Success"]
[10251][1664768182864][main][info]["LeaderSelection: Initialized successfully"]
[10251][1664768182866][main][info]["VersionDependencyService: Initialized successfully"]
[10251][1664768182887][main][info]["LinuxAutoUpdater~Cleanup - Initial cleanup successful"]
[10251][1664768182892][main][info]["Generated root certificate for linux"]
[10251][1664768183201][main][info]["GPU detected VID 32902 DID 70 ACTIVE true"]
[10251][1664768191727][main][info]["RuntimeIPCAgent~started: Success"]
[10251][1664768203433][main][info]["UpdateHandler~app-update-events - Received event",{"name":"checkForElectronVersionUpdated","namespace":"appUpdate"}]
[10251][1664768203480][main][info]["windowManager: First requester booted successfully."]
[10251][1664768203482][main][info]["windowManager~restoreWindows: Restoring requester windows"]
[10251][1664768203483][main][info]["Main~AppEvents - Received booted event for process requester.Version undefined UI Version: undefined Desktop Platform Version: 9.31.0"]
[10251][1664768207986][main][info]["VersionDependencyService: Resetting UI version as user logged out/switched account"]
[10251][1664768207988][main][info]["Main - model-events~user - (users, add) received"]
[10251][1664768211285][main][warn]["AuthHandler~open: Current app is not default protocol client - Falling back to polling mechanism."]
[10251][1664769039836][main][info]["Main - model-events~user - (authentication, get_auth_info) received"]
[10251][1664769039839][main][info]["Main - model-events~user - (authentication, authenticated) received"]
[10251][1664769039843][main][info]["UpdateHandler~app-update-events - Received event",{"name":"checkForElectronVersionUpdated","namespace":"appUpdate"}]
[10251][1664769039884][main][info]["windowManager: First requester booted successfully."]
[10251][1664769039885][main][info]["windowManager~restoreWindows: Restoring requester windows"]
[10251][1664769039885][main][info]["Main~AppEvents - Received booted event for process requester.Version 9.31.15 UI Version: 9.31.15-ui-220930-1446 Desktop Platform Version: 9.31.0"]
[10251][1664769039900][main][info]["performBackgroundShellMigration: Starting shell data migration"]
[10251][1664769039904][main][info]["performBackgroundShellMigration: Got data from shell. Writing to storage"]
[10251][1664769039960][main][info]["performBackgroundShellMigration: Successfully completed migration"]
[10251][1664769041104][main][info]["Main - model-events~user - (user, update) received"]
[10251][1664769047779][main][info]["UpdateHandler~app-update-events - Received event",{"name":"checkForElectronVersionUpdated","namespace":"appUpdate"}]
[10251][1664769047836][main][info]["Main~AppEvents - Received booted event for process requester.Version 9.31.15 UI Version: 9.31.15-ui-220930-1446 Desktop Platform Version: 9.31.0"]
[10251][1664769047850][main][info]["performBackgroundShellMigration: Migration has already been done. Bailing out"]
[10251][1664769048230][main][info]["Main - model-events~user - (authentication, get_auth_info) received"]
[10251][1664769048232][main][info]["Main - model-events~user - (authentication, authenticated) received"]
[10251][1664769049555][main][info]["Main - model-events~user - (user, update) received"]
[10251][1664769051228][main][info]["Main - model-events~user - (user, bootstrapUser) received"]
[10251][1664769051243][main][info]["Main - model-events~user - (user, bootstrapUser) received"]
[10251][1664770941925][main][info]["WindowManager~closeHandler - Closed Window (id: 3 )"]
[10251][1664770942358][main][info]["Quitting app"]
[1149][1664781752570][main][info]["Booting Postman 9.31.0, linux-5.15.65-1-MANJARO on x64"]
[1149][1664781752583][main][info]["EventBus~initialize - Success"]
[1149][1664781752623][main][info]["Proxy configuration has not been setup"]
[1149][1664781752625][main][info]["CloudProxyManager~init - Success"]
[1149][1664781752641][main][info]["UpdateHandler~init - Success"]
[1149][1664781752645][main][info]["LeaderSelection: Initialized successfully"]
[1149][1664781752647][main][info]["VersionDependencyService: Initialized successfully"]
[1149][1664781752814][main][info]["LinuxAutoUpdater~Cleanup - Initial cleanup successful"]
[1149][1664781752964][main][info]["GPU detected VID 32902 DID 70 ACTIVE true"]
[1149][1664781762875][main][info]["RuntimeIPCAgent~started: Success"]
[1149][1664781775524][main][info]["UpdateHandler~app-update-events - Received event",{"name":"checkForElectronVersionUpdated","namespace":"appUpdate"}]
[1149][1664781775571][main][info]["windowManager: First requester booted successfully."]
[1149][1664781775572][main][info]["windowManager~restoreWindows: Restoring requester windows"]
[1149][1664781775573][main][info]["Main~AppEvents - Received booted event for process requester.Version 9.31.15 UI Version: 9.31.15-ui-220930-1446 Desktop Platform Version: 9.31.0"]
[1149][1664781775607][main][info]["performBackgroundShellMigration: Migration has already been done. Bailing out"]
[1149][1664781779210][main][info]["Main - model-events~user - (user, bootstrapUser) received"]
