[10251][1664768190774][shell][info]["EventBus~initialize - Success"]
[10251][1664768190791][shell][info]["bootShellCrashReporter~ Success"]
[10251][1664768191733][shell][info]["shellController~init: Success"]
[10251][1664768191734][shell][info]["shellMeta~init: Success"]
[10251][1664768191735][shell][info]["partitionMigrationService: State of V7 partition:"]
[10251][1664768191736][shell][info]["partitionMigrationService: V7 partitions",[]]
[10251][1664768191736][shell][info]["partitionMigrationService: V7 lastActiveUser",null]
[10251][1664768191736][shell][info]["partitionMigrationService: V7 activePartition",null]
[10251][1664768191737][shell][info]["partitionMigrationService: V7 isPartitionDirty",null]
[10251][1664768191738][shell][info]["partitionMigrationService~rectifyNamespaceOfScratchPadPartition: There is no partition with scratchpad namespace"]
[10251][1664768191738][shell][info]["partitionMigrationService~rectifyNamespaceOfScratchPadPartition: There is no transit partition which could have been used for scratchpad"]
[10251][1664768191739][shell][info]["partitionMigrationService~init: Success"]
[10251][1664768191739][shell][info]["partitionMigrationService~runV8PartitionsIntegrity: Two way migration~ removing the following partitions from v8",[]]
[10251][1664768191740][shell][info]["userPartitionService~_rectifyTheActivePartitionOfApplication: Setting the active partition to ",null]
[10251][1664768191741][shell][info]["userPartitionService~init: Success"]
[10251][1664768191742][shell][info]["userPartitionService: State of v8 partition system:"]
[10251][1664768191742][shell][info]["userPartitionService: List of partitions:",[]]
[10251][1664768191743][shell][info]["userPartitionService: users global meta:",{"activePartition":null}]
[10251][1664768191744][shell][info]["shell~init~getPartitionToLoad: loading scratchpad partition"]
[10251][1664768191752][shell][info]["init~setViewAttributes - Initializing view with opts:"]
[10251][1664768191755][shell][info]["verifyPartitionIdWithMain: Verifying partition ID from main process"]
[10251][1664768191756][shell][info]["Shell~init~setViewAttributes: passing scratchpad partition id as ","a0e4988e-a66f-4a97-9846-f6df84114a8b"]
[10251][1664768191756][shell][info]["Shell~init~setViewAttributes: do we have any logged in users? ",false]
[10251][1664768191759][shell][info]["init~setViewAttributes - Success"]
[10251][1664768191779][shell][info]["verifyPartitionIdWithMain: Bailing out as migration has not been done"]
[10251][1664768203480][shell][info]["Shell~init~sendUsersDataToRenderer",[]]
[10251][1664769025959][shell][info]["EventBus~initialize - Success"]
[10251][1664769025977][shell][info]["bootShellCrashReporter~ Success"]
[10251][1664769026004][shell][info]["shellController~init: Success"]
[10251][1664769026005][shell][info]["shellMeta~init: Success"]
[10251][1664769026006][shell][info]["partitionMigrationService: State of V7 partition:"]
[10251][1664769026007][shell][info]["partitionMigrationService: V7 partitions",[]]
[10251][1664769026007][shell][info]["partitionMigrationService: V7 lastActiveUser",null]
[10251][1664769026008][shell][info]["partitionMigrationService: V7 activePartition",null]
[10251][1664769026009][shell][info]["partitionMigrationService: V7 isPartitionDirty",null]
[10251][1664769026010][shell][info]["partitionMigrationService~init: Success"]
[10251][1664769026011][shell][info]["partitionMigrationService~runV8PartitionsIntegrity: Two way migration~ removing the following partitions from v8",[]]
[10251][1664769026012][shell][info]["userPartitionService~_rectifyTheActivePartitionOfApplication: Setting the active partition to ",null]
[10251][1664769026013][shell][info]["userPartitionService~init: Success"]
[10251][1664769026014][shell][info]["Shell~init~loginUser: associating the user ","23396599"," with transit partition"]
[10251][1664769026018][shell][info]["userPartitionService~associateTransitPartition: ",{"partitionId":"1ef7091f-65b7-443c-a2c3-b8f1befd3bdf","context":{"namespace":"users","userId":"23396599","teamId":"1492771"}}]
[10251][1664769026019][shell][info]["userPartitionService: State of v8 partition system:"]
[10251][1664769026020][shell][info]["userPartitionService: List of partitions:",[{"partitionId":"1ef7091f-65b7-443c-a2c3-b8f1befd3bdf","namespace":"users","userId":"23396599","teamId":"1492771","lastUpdated":"2022-10-03T03:50:26.018Z"},{"partitionId":"a0e4988e-a66f-4a97-9846-f6df84114a8b","namespace":"scratchPad","userId":0,"teamId":0,"isDirty":false}]]
[10251][1664769026022][shell][info]["userPartitionService: users global meta:",{"activePartition":null}]
[10251][1664769026026][shell][info]["init~setViewAttributes - Initializing view with opts:"]
[10251][1664769026028][shell][info]["verifyPartitionIdWithMain: Verifying partition ID from main process"]
[10251][1664769026037][shell][info]["Shell~init~setViewAttributes: passing scratchpad partition id as ","a0e4988e-a66f-4a97-9846-f6df84114a8b"]
[10251][1664769026038][shell][info]["Shell~init~setViewAttributes: do we have any logged in users? ",true]
[10251][1664769026040][shell][info]["init~setViewAttributes - Success"]
[10251][1664769026041][shell][info]["verifyPartitionIdWithMain: Bailing out as migration has not been done"]
[10251][1664769039885][shell][info]["Shell~init~sendUsersDataToRenderer",["23396599"]]
[10251][1664769039902][shell][info]["handleMessageInShell: Got request for shell data from main. Sending"]
[10251][1664769041326][shell][info]["EventBus~initialize - Success"]
[10251][1664769041332][shell][info]["bootShellCrashReporter~ Success"]
[10251][1664769041356][shell][info]["shellController~init: Success"]
[10251][1664769041357][shell][info]["shellMeta~init: Success"]
[10251][1664769041358][shell][info]["partitionMigrationService: State of V7 partition:"]
[10251][1664769041358][shell][info]["partitionMigrationService: V7 partitions",[]]
[10251][1664769041359][shell][info]["partitionMigrationService: V7 lastActiveUser",null]
[10251][1664769041359][shell][info]["partitionMigrationService: V7 activePartition",null]
[10251][1664769041359][shell][info]["partitionMigrationService: V7 isPartitionDirty",null]
[10251][1664769041360][shell][info]["partitionMigrationService~init: Success"]
[10251][1664769041361][shell][info]["partitionMigrationService~runV8PartitionsIntegrity: Two way migration~ removing the following partitions from v8",[]]
[10251][1664769041362][shell][info]["userPartitionService~getRecentV8UserPartition: recent v8 user context partition ","1ef7091f-65b7-443c-a2c3-b8f1befd3bdf"]
[10251][1664769041363][shell][info]["userPartitionService~_rectifyTheActivePartitionOfApplication: Setting the active partition to ","1ef7091f-65b7-443c-a2c3-b8f1befd3bdf"]
[10251][1664769041364][shell][info]["userPartitionService~init: Success"]
[10251][1664769041365][shell][info]["Shell~init~loginUser: Updating existing user details"]
[10251][1664769041366][shell][info]["userPartitionService~associateTransitPartition: ",{"partitionId":"1ef7091f-65b7-443c-a2c3-b8f1befd3bdf","context":{"namespace":"users","userId":"23396599","teamId":"1492771"}}]
[10251][1664769041367][shell][info]["userPartitionService: State of v8 partition system:"]
[10251][1664769041369][shell][info]["userPartitionService: List of partitions:",[{"partitionId":"1ef7091f-65b7-443c-a2c3-b8f1befd3bdf","namespace":"users","userId":"23396599","teamId":"1492771","lastUpdated":"2022-10-03T03:50:41.366Z"},{"partitionId":"a0e4988e-a66f-4a97-9846-f6df84114a8b","namespace":"scratchPad","userId":0,"teamId":0,"isDirty":false}]]
[10251][1664769041370][shell][info]["userPartitionService: users global meta:",{"activePartition":"1ef7091f-65b7-443c-a2c3-b8f1befd3bdf"}]
[10251][1664769041372][shell][info]["init~setViewAttributes - Initializing view with opts:"]
[10251][1664769041375][shell][info]["verifyPartitionIdWithMain: Verifying partition ID from main process"]
[10251][1664769041395][shell][info]["Shell~init~setViewAttributes: passing scratchpad partition id as ","a0e4988e-a66f-4a97-9846-f6df84114a8b"]
[10251][1664769041395][shell][info]["Shell~init~setViewAttributes: do we have any logged in users? ",true]
[10251][1664769041397][shell][info]["init~setViewAttributes - Success"]
[10251][1664769041438][shell][info]["verifyPartitionIdWithMain: ID was resolved correctly by main"]
[10251][1664769047834][shell][info]["Shell~init~sendUsersDataToRenderer",["23396599"]]
[10251][1664769051236][shell][info]["model-events~user - bootstrapUser received"]
[10251][1664769051260][shell][info]["model-events~user - bootstrapUser received"]
[1149][1664781757646][shell][info]["EventBus~initialize - Success"]
[1149][1664781757728][shell][info]["bootShellCrashReporter~ Success"]
[1149][1664781762883][shell][info]["shellController~init: Success"]
[1149][1664781762885][shell][info]["shellMeta~init: Success"]
[1149][1664781762886][shell][info]["partitionMigrationService: State of V7 partition:"]
[1149][1664781762887][shell][info]["partitionMigrationService: V7 partitions",[]]
[1149][1664781762888][shell][info]["partitionMigrationService: V7 lastActiveUser",null]
[1149][1664781762888][shell][info]["partitionMigrationService: V7 activePartition",null]
[1149][1664781762889][shell][info]["partitionMigrationService: V7 isPartitionDirty",null]
[1149][1664781762891][shell][info]["partitionMigrationService~init: Success"]
[1149][1664781762892][shell][info]["partitionMigrationService~runV8PartitionsIntegrity: Two way migration~ removing the following partitions from v8",[]]
[1149][1664781762894][shell][info]["userPartitionService~getRecentV8UserPartition: recent v8 user context partition ","1ef7091f-65b7-443c-a2c3-b8f1befd3bdf"]
[1149][1664781762894][shell][info]["userPartitionService~_rectifyTheActivePartitionOfApplication: Setting the active partition to ","1ef7091f-65b7-443c-a2c3-b8f1befd3bdf"]
[1149][1664781762896][shell][info]["userPartitionService~init: Success"]
[1149][1664781762897][shell][info]["userPartitionService: State of v8 partition system:"]
[1149][1664781762898][shell][info]["userPartitionService: List of partitions:",[{"partitionId":"1ef7091f-65b7-443c-a2c3-b8f1befd3bdf","namespace":"users","userId":"23396599","teamId":"1492771","lastUpdated":"2022-10-03T03:50:41.366Z"},{"partitionId":"a0e4988e-a66f-4a97-9846-f6df84114a8b","namespace":"scratchPad","userId":0,"teamId":0,"isDirty":false}]]
[1149][1664781762899][shell][info]["userPartitionService: users global meta:",{"activePartition":"1ef7091f-65b7-443c-a2c3-b8f1befd3bdf"}]
[1149][1664781762900][shell][info]["shell~init~getPartitionToLoad: loading active partition"]
[1149][1664781762903][shell][info]["init~setViewAttributes - Initializing view with opts:"]
[1149][1664781762906][shell][info]["verifyPartitionIdWithMain: Verifying partition ID from main process"]
[1149][1664781762949][shell][info]["Shell~init~setViewAttributes: passing scratchpad partition id as ","a0e4988e-a66f-4a97-9846-f6df84114a8b"]
[1149][1664781762949][shell][info]["Shell~init~setViewAttributes: do we have any logged in users? ",true]
[1149][1664781762952][shell][info]["init~setViewAttributes - Success"]
[1149][1664781763209][shell][info]["verifyPartitionIdWithMain: ID was resolved correctly by main"]
[1149][1664781775571][shell][info]["Shell~init~sendUsersDataToRenderer",["23396599"]]
[1149][1664781779216][shell][info]["model-events~user - bootstrapUser received"]
[1149][1664781779219][shell][info]["userPartitionService~associateTransitPartition: ",{"partitionId":"1ef7091f-65b7-443c-a2c3-b8f1befd3bdf","context":{"namespace":"users","userId":"23396599","teamId":"1492771"}}]
[1149][1664781779220][shell][info]["userPartitionService: State of v8 partition system:"]
[1149][1664781779221][shell][info]["userPartitionService: List of partitions:",[{"partitionId":"1ef7091f-65b7-443c-a2c3-b8f1befd3bdf","namespace":"users","userId":"23396599","teamId":"1492771","lastUpdated":"2022-10-03T07:22:59.219Z"},{"partitionId":"a0e4988e-a66f-4a97-9846-f6df84114a8b","namespace":"scratchPad","userId":0,"teamId":0,"isDirty":false}]]
[1149][1664781779222][shell][info]["userPartitionService: users global meta:",{"activePartition":"1ef7091f-65b7-443c-a2c3-b8f1befd3bdf"}]
